<?xml version="1.0" encoding="UTF-8"?>
<!-- Generated by org.testng.reporters.JUnitReportReporter -->
<testsuite hostname="DESKTOP-AU74U2U" failures="0" tests="1" name="Extent_reports_demo.Extent_reports.Extent_report_demo" time="13.888" errors="0" timestamp="31 Oct 2022 13:44:03 GMT" skipped="0">
  <testcase classname="Extent_reports_demo.Extent_reports.Extent_report_demo" name="config" time="13.888"/>
</testsuite> <!-- Extent_reports_demo.Extent_reports.Extent_report_demo -->
